
SQL*Loader: Release 19.0.0.0.0 - Production on Thu Jun 1 15:52:54 2023
Version 19.3.0.0.0

Copyright (c) 1982, 2019, Oracle and/or its affiliates.  All rights reserved.

Control File:   Control.txt
Data File:      C:\Users\376307\Documents\UiPath\E_Sec AMC Penalty Calculation\Final_Report\Complaint Transaction Report.csv
  Bad File:     Complaint Transaction Report.bad
  Discard File:  none specified
 
 (Allow all discards)

Number to load: ALL
Number to skip: 1
Errors allowed: 50
Continuation:    none specified
Path used:      Direct

Table ESEC_COMPLAINT, loaded from every logical record.
Insert option in effect for this table: APPEND
TRAILING NULLCOLS option in effect

   Column Name                  Position   Len  Term Encl Datatype
------------------------------ ---------- ----- ---- ---- ---------------------
COMPLAINT_NO                        FIRST     *   ,  O(") CHARACTER            
CUSTOMER_ID                          NEXT     *   ,  O(") CHARACTER            
CUSTOMER_NAME                        NEXT     *   ,  O(") CHARACTER            
STATE_NAME                           NEXT     *   ,  O(") CHARACTER            
COMPLAINT_DESCRIPTION                NEXT     *   ,  O(") CHARACTER            
COMPLAINT_TYPE                       NEXT     *   ,  O(") CHARACTER            
EQUIPMENT_TYPE                       NEXT     *   ,  O(") CHARACTER            
PRIORITY_TYPE                        NEXT     *   ,  O(") CHARACTER            
COMPLAINT_DATETIME                   NEXT     *   ,  O(") CHARACTER            
COMPLAINT_DATE                       NEXT     *   ,  O(") CHARACTER            
COMPLAINT_TIME                       NEXT     *   ,  O(") CHARACTER            
COMPLAINT_RAISED_BY                  NEXT     *   ,  O(") CHARACTER            
VENDOR_NAME                          NEXT     *   ,  O(") CHARACTER            
ASSIGNED_DATE                        NEXT     *   ,  O(") CHARACTER            
CLOSE_DATETIME                       NEXT     *   ,  O(") CHARACTER            
CLOSE_DATE                           NEXT     *   ,  O(") CHARACTER            
RESOLUTION_TYPE                      NEXT     *   ,  O(") CHARACTER            
COMPLAINT_AGE                        NEXT     *   ,  O(") CHARACTER            
COMMENT_DATE                         NEXT     *   ,  O(") CHARACTER            
COMMENTS                             NEXT     *   ,  O(") CHARACTER            

Record 1276: Rejected - Error on table ESEC_COMPLAINT, column COMMENTS.
ORA-12899: value too large for column COMMENTS (actual: 209, maximum: 200)


Table ESEC_COMPLAINT:
  1651 Rows successfully loaded.
  1 Row not loaded due to data errors.
  0 Rows not loaded because all WHEN clauses were failed.
  0 Rows not loaded because all fields were null.

Bind array size not used in direct path.
Column array  rows :    5000
Stream buffer bytes:  256000
Read   buffer bytes: 1048576

Total logical records skipped:          1
Total logical records read:          1652
Total logical records rejected:         1
Total logical records discarded:        0
Total stream buffers loaded by SQL*Loader main thread:        1
Total stream buffers loaded by SQL*Loader load thread:        1

Run began on Thu Jun 01 15:52:54 2023
Run ended on Thu Jun 01 15:52:58 2023

Elapsed time was:     00:00:04.77
CPU time was:         00:00:00.52
